<?xml version="1.0" encoding="UTF-8"?>
<!-- Generated by org.testng.reporters.JUnitXMLReporter -->
<testsuite hostname="HJS-PC095HFZ" name="Test" tests="1" failures="1" timestamp="8 May 2017 12:58:34 GMT" time="0.555" errors="0">
  <testcase name="getOrder" time="0.537" classname="com.hjs.Interface.test">
    <failure type="org.json.JSONException" message="A JSONObject text must begin with &amp;apos;{&amp;apos; at 1 [character 2 line 1]">
      <![CDATA[org.json.JSONException: A JSONObject text must begin with '{' at 1 [character 2 line 1]
	at org.json.JSONTokener.syntaxError(JSONTokener.java:451)
	at org.json.JSONObject.<init>(JSONObject.java:196)
	at org.json.JSONObject.<init>(JSONObject.java:320)
	at com.hjs.Interface.test.getOrder(test.java:25)
... Removed 24 stack frames]]>
    </failure>
  </testcase> <!-- getOrder -->
</testsuite> <!-- Test -->
