<?xml version="1.0" encoding="UTF-8"?>
<testsuite name="交易相关测试"
           tests="1"
           failures="1"
           errors="0"
           skipped="0"
           time="268.290">
  <properties />
            <testcase name="testPayRegularProductsByBankCardWithoutCoupon" time="268.290" classname="com.hjs.cases.TradeTestCase">
                <failure type="java.lang.AssertionError"
                  message="没有找到目标元素－－首页-理财入口"
              >
<![CDATA[java.lang.AssertionError: 没有找到目标元素－－首页-理财入口
  org.testng.AssertJUnit.fail(AssertJUnit.java:59)
  org.testng.AssertJUnit.assertTrue(AssertJUnit.java:24)
  com.hjs.config.CommonAppiumPage.clickEle(CommonAppiumPage.java:68)
  com.hjs.pages.HomePageObject.enterFinancialPage(HomePageObject.java:57)
  com.hjs.cases.TradeTestCase.testPayRegularProductsByBankCardWithoutCoupon(TradeTestCase.java:70)
  sun.reflect.NativeMethodAccessorImpl.invoke0(Native Method)
  sun.reflect.NativeMethodAccessorImpl.invoke(NativeMethodAccessorImpl.java:62)
  sun.reflect.DelegatingMethodAccessorImpl.invoke(DelegatingMethodAccessorImpl.java:43)
  java.lang.reflect.Method.invoke(Method.java:498)
  org.testng.internal.MethodInvocationHelper.invokeMethod(MethodInvocationHelper.java:84)
  org.testng.internal.Invoker.invokeMethod(Invoker.java:714)
  org.testng.internal.Invoker.invokeTestMethod(Invoker.java:901)
  org.testng.internal.Invoker.invokeTestMethods(Invoker.java:1231)
  org.testng.internal.TestMethodWorker.invokeTestMethods(TestMethodWorker.java:127)
  org.testng.internal.TestMethodWorker.run(TestMethodWorker.java:111)
  org.testng.TestRunner.privateRun(TestRunner.java:767)
  org.testng.TestRunner.run(TestRunner.java:617)
  org.testng.SuiteRunner.runTest(SuiteRunner.java:348)
  org.testng.SuiteRunner.runSequentially(SuiteRunner.java:343)
  org.testng.SuiteRunner.privateRun(SuiteRunner.java:305)
  org.testng.SuiteRunner.run(SuiteRunner.java:254)
  org.testng.SuiteRunnerWorker.runSuite(SuiteRunnerWorker.java:52)
  org.testng.SuiteRunnerWorker.run(SuiteRunnerWorker.java:86)
  org.testng.TestNG.runSuitesSequentially(TestNG.java:1224)
  org.testng.TestNG.runSuitesLocally(TestNG.java:1149)
  org.testng.TestNG.run(TestNG.java:1057)
  org.testng.remote.AbstractRemoteTestNG.run(AbstractRemoteTestNG.java:132)
  org.testng.remote.RemoteTestNG.initAndRun(RemoteTestNG.java:230)
  org.testng.remote.RemoteTestNG.main(RemoteTestNG.java:76)
]]>
      </failure>

          </testcase>
  
  
  
</testsuite>
