<?xml version="1.0" encoding="UTF-8"?>
<testng-results skipped="0" failed="5" total="20" passed="15">
  <reporter-output>
    <line>
      <![CDATA[进入首页-我的入口]]>
    </line>
    <line>
      <![CDATA[未登录-跳转到登录页]]>
    </line>
    <line>
      <![CDATA[C:\Users\huangxiao\git\Test-UI-AndroidAuto\snapshot]]>
    </line>
    <line>
      <![CDATA[<img src='C:\Users\huangxiao\git\Test-UI-AndroidAuto\snapshot\TradeTestCase.test理财页产品信息20170710071923.png' onclick='window.open("C:\\Users\\huangxiao\\git\\Test-UI-AndroidAuto\\snapshot\\TradeTestCase.test理财页产品信息20170710071923.png")'' hight='100' width='100'/>]]>
    </line>
    <line>
      <![CDATA[找不到元素，重试，locator:By.xpath: //android.widget.TextView[@resource-id='com.evergrande.eif.android.hengjiaosuo:id/textView_bankCard' and contains(@text,'银行')]]]>
    </line>
    <line>
      <![CDATA[找不到元素，重试，locator:By.xpath: //android.widget.TextView[@resource-id='com.evergrande.eif.android.hengjiaosuo:id/textView_bankCard' and contains(@text,'银行')]]]>
    </line>
    <line>
      <![CDATA[找不到元素，重试，locator:By.xpath: //android.widget.TextView[@resource-id='com.evergrande.eif.android.hengjiaosuo:id/textView_bankCard' and contains(@text,'银行')]]]>
    </line>
    <line>
      <![CDATA[找不到元素，重试，locator:By.xpath: //android.widget.TextView[@resource-id='com.evergrande.eif.android.hengjiaosuo:id/textView_bankCard' and contains(@text,'银行')]]]>
    </line>
    <line>
      <![CDATA[找不到元素，重试，locator:By.xpath: //android.widget.TextView[@resource-id='com.evergrande.eif.android.hengjiaosuo:id/textView_bankCard' and contains(@text,'银行')]]]>
    </line>
    <line>
      <![CDATA[找不到元素，重试，locator:By.xpath: //android.widget.TextView[@resource-id='com.evergrande.eif.android.hengjiaosuo:id/textView_bankCard' and contains(@text,'银行')]]]>
    </line>
    <line>
      <![CDATA[找不到元素，重试，locator:By.xpath: //android.widget.TextView[@resource-id='com.evergrande.eif.android.hengjiaosuo:id/textView_bankCard' and contains(@text,'银行')]]]>
    </line>
    <line>
      <![CDATA[找不到元素，重试，locator:By.xpath: //android.widget.TextView[@resource-id='com.evergrande.eif.android.hengjiaosuo:id/textView_bankCard' and contains(@text,'银行')]]]>
    </line>
    <line>
      <![CDATA[找不到元素，重试，locator:By.xpath: //android.widget.TextView[@resource-id='com.evergrande.eif.android.hengjiaosuo:id/textView_bankCard' and contains(@text,'银行')]]]>
    </line>
    <line>
      <![CDATA[找不到元素，重试，locator:By.xpath: //android.widget.TextView[@resource-id='com.evergrande.eif.android.hengjiaosuo:id/textView_bankCard' and contains(@text,'银行')]]]>
    </line>
    <line>
      <![CDATA[找不到元素，重试，locator:By.xpath: //android.widget.TextView[@resource-id='com.evergrande.eif.android.hengjiaosuo:id/textView_bankCard' and contains(@text,'银行')]]]>
    </line>
    <line>
      <![CDATA[找不到元素，重试，locator:By.xpath: //android.widget.TextView[@resource-id='com.evergrande.eif.android.hengjiaosuo:id/textView_bankCard' and contains(@text,'银行')]]]>
    </line>
    <line>
      <![CDATA[找不到元素，重试，locator:By.xpath: //android.widget.TextView[@resource-id='com.evergrande.eif.android.hengjiaosuo:id/textView_bankCard' and contains(@text,'银行')]]]>
    </line>
    <line>
      <![CDATA[找不到元素，重试，locator:By.xpath: //android.widget.TextView[@resource-id='com.evergrande.eif.android.hengjiaosuo:id/textView_bankCard' and contains(@text,'银行')]]]>
    </line>
    <line>
      <![CDATA[找不到元素，重试，locator:By.xpath: //android.widget.TextView[@resource-id='com.evergrande.eif.android.hengjiaosuo:id/textView_bankCard' and contains(@text,'银行')]]]>
    </line>
    <line>
      <![CDATA[找不到元素，重试，locator:By.xpath: //android.widget.TextView[@resource-id='com.evergrande.eif.android.hengjiaosuo:id/textView_bankCard' and contains(@text,'银行')]]]>
    </line>
    <line>
      <![CDATA[找不到元素，重试，locator:By.xpath: //android.widget.TextView[@resource-id='com.evergrande.eif.android.hengjiaosuo:id/textView_bankCard' and contains(@text,'银行')]]]>
    </line>
    <line>
      <![CDATA[找不到元素，重试，locator:By.xpath: //android.widget.TextView[@resource-id='com.evergrande.eif.android.hengjiaosuo:id/textView_bankCard' and contains(@text,'银行')]]]>
    </line>
    <line>
      <![CDATA[C:\Users\huangxiao\git\Test-UI-AndroidAuto\snapshot]]>
    </line>
    <line>
      <![CDATA[<img src='C:\Users\huangxiao\git\Test-UI-AndroidAuto\snapshot\TradeTestCase.test余额不带券购买活期产品20170710071923.png' onclick='window.open("C:\\Users\\huangxiao\\git\\Test-UI-AndroidAuto\\snapshot\\TradeTestCase.test余额不带券购买活期产品20170710071923.png")'' hight='100' width='100'/>]]>
    </line>
    <line>
      <![CDATA[C:\Users\huangxiao\git\Test-UI-AndroidAuto\snapshot]]>
    </line>
    <line>
      <![CDATA[<img src='C:\Users\huangxiao\git\Test-UI-AndroidAuto\snapshot\TradeTestCase.test银行卡不带券购买活期产品20170710071923.png' onclick='window.open("C:\\Users\\huangxiao\\git\\Test-UI-AndroidAuto\\snapshot\\TradeTestCase.test银行卡不带券购买活期产品20170710071923.png")'' hight='100' width='100'/>]]>
    </line>
    <line>
      <![CDATA[找不到元素，重试，locator:By.xpath: //android.widget.TextView[@resource-id='com.evergrande.eif.android.hengjiaosuo:id/textView_bankCard' and contains(@text,'银行')]]]>
    </line>
    <line>
      <![CDATA[找不到元素，重试，locator:By.xpath: //android.widget.TextView[@resource-id='com.evergrande.eif.android.hengjiaosuo:id/textView_bankCard' and contains(@text,'银行')]]]>
    </line>
    <line>
      <![CDATA[C:\Users\huangxiao\git\Test-UI-AndroidAuto\snapshot]]>
    </line>
    <line>
      <![CDATA[<img src='C:\Users\huangxiao\git\Test-UI-AndroidAuto\snapshot\TradeTestCase.test银行卡不带券购买定期产品失败场景20170710071923.png' onclick='window.open("C:\\Users\\huangxiao\\git\\Test-UI-AndroidAuto\\snapshot\\TradeTestCase.test银行卡不带券购买定期产品失败场景20170710071923.png")'' hight='100' width='100'/>]]>
    </line>
    <line>
      <![CDATA[找不到元素，重试，locator:By.id: status_dec]]>
    </line>
    <line>
      <![CDATA[C:\Users\huangxiao\git\Test-UI-AndroidAuto\snapshot]]>
    </line>
    <line>
      <![CDATA[<img src='C:\Users\huangxiao\git\Test-UI-AndroidAuto\snapshot\TradeTestCase.test赎回活期产品到余额20170710071923.png' onclick='window.open("C:\\Users\\huangxiao\\git\\Test-UI-AndroidAuto\\snapshot\\TradeTestCase.test赎回活期产品到余额20170710071923.png")'' hight='100' width='100'/>]]>
    </line>
  </reporter-output>
  <suite name="恒大金服UI自动化测试项目报告" duration-ms="1873172" started-at="2017-07-10T11:19:59Z" finished-at="2017-07-10T11:51:13Z">
    <groups>
    </groups>
    <test name="账户管理测试" duration-ms="129731" started-at="2017-07-10T11:19:59Z" finished-at="2017-07-10T11:22:09Z">
      <class name="com.hjs.cases.AccountManageTestCase">
        <test-method status="PASS" signature="testWelcomePage()[pri:0, instance:com.hjs.cases.AccountManageTestCase@4bbfb90a]" name="testWelcomePage" duration-ms="19990" started-at="2017-07-10T19:19:59Z" description="跳过欢迎页到主页" finished-at="2017-07-10T19:20:19Z">
          <reporter-output>
          </reporter-output>
        </test-method> <!-- testWelcomePage -->
        <test-method status="PASS" signature="afterMethod(org.testng.ITestResult)[pri:0, instance:com.hjs.cases.AccountManageTestCase@4bbfb90a]" name="afterMethod" is-config="true" duration-ms="1" started-at="2017-07-10T19:20:19Z" finished-at="2017-07-10T19:20:19Z">
          <params>
            <param index="0">
              <value>
                <![CDATA[[TestResult name=testWelcomePage status=SUCCESS method=AccountManageTestCase.testWelcomePage()[pri:0, instance:com.hjs.cases.AccountManageTestCase@4bbfb90a] output={null}]]]>
              </value>
            </param>
          </params>
          <reporter-output>
          </reporter-output>
        </test-method> <!-- afterMethod -->
        <test-method status="PASS" signature="testSignedPhoneLogin()[pri:0, instance:com.hjs.cases.AccountManageTestCase@4bbfb90a]" name="testSignedPhoneLogin" duration-ms="71985" started-at="2017-07-10T19:20:19Z" description="登录" finished-at="2017-07-10T19:21:31Z">
          <reporter-output>
            <line>
              <![CDATA[进入首页-我的入口]]>
            </line>
            <line>
              <![CDATA[未登录-跳转到登录页]]>
            </line>
          </reporter-output>
        </test-method> <!-- testSignedPhoneLogin -->
        <test-method status="PASS" signature="afterMethod(org.testng.ITestResult)[pri:0, instance:com.hjs.cases.AccountManageTestCase@4bbfb90a]" name="afterMethod" is-config="true" duration-ms="1" started-at="2017-07-10T19:21:31Z" finished-at="2017-07-10T19:21:31Z">
          <params>
            <param index="0">
              <value>
                <![CDATA[[TestResult name=testSignedPhoneLogin status=SUCCESS method=AccountManageTestCase.testSignedPhoneLogin()[pri:0, instance:com.hjs.cases.AccountManageTestCase@4bbfb90a] output=进入首页-我的入口]]]>
              </value>
            </param>
          </params>
          <reporter-output>
          </reporter-output>
        </test-method> <!-- afterMethod -->
        <test-method status="PASS" signature="testGesturePwd()[pri:0, instance:com.hjs.cases.AccountManageTestCase@4bbfb90a]" name="testGesturePwd" duration-ms="37733" started-at="2017-07-10T19:21:31Z" description="测试手势密码" finished-at="2017-07-10T19:22:09Z">
          <reporter-output>
          </reporter-output>
        </test-method> <!-- testGesturePwd -->
        <test-method status="PASS" signature="afterMethod(org.testng.ITestResult)[pri:0, instance:com.hjs.cases.AccountManageTestCase@4bbfb90a]" name="afterMethod" is-config="true" duration-ms="1" started-at="2017-07-10T19:22:09Z" finished-at="2017-07-10T19:22:09Z">
          <params>
            <param index="0">
              <value>
                <![CDATA[[TestResult name=testGesturePwd status=SUCCESS method=AccountManageTestCase.testGesturePwd()[pri:0, instance:com.hjs.cases.AccountManageTestCase@4bbfb90a] output={null}]]]>
              </value>
            </param>
          </params>
          <reporter-output>
          </reporter-output>
        </test-method> <!-- afterMethod -->
      </class> <!-- com.hjs.cases.AccountManageTestCase -->
    </test> <!-- 账户管理测试 -->
    <test name="交易相关测试" duration-ms="1743305" started-at="2017-07-10T11:22:09Z" finished-at="2017-07-10T11:51:13Z">
      <class name="com.hjs.cases.TradeTestCase">
        <test-method status="PASS" signature="setUp()[pri:0, instance:com.hjs.cases.TradeTestCase@53f65459]" name="setUp" is-config="true" duration-ms="36252" started-at="2017-07-10T19:19:23Z" finished-at="2017-07-10T19:19:59Z">
          <reporter-output>
          </reporter-output>
        </test-method> <!-- setUp -->
        <test-method status="FAIL" signature="test理财页产品信息()[pri:0, instance:com.hjs.cases.TradeTestCase@53f65459]" name="test理财页产品信息" duration-ms="160020" started-at="2017-07-10T19:22:09Z" finished-at="2017-07-10T19:24:49Z">
          <exception class="java.lang.Exception">
            <message>
              <![CDATA[滑动到底找不到该元素//android.widget.TextView[@text='黄XAutoTest产品170710192429']]]>
            </message>
            <full-stacktrace>
              <![CDATA[java.lang.Exception: 滑动到底找不到该元素//android.widget.TextView[@text='黄XAutoTest产品170710192429']
	at com.hjs.config.CommonAppiumPage.scrollTo(CommonAppiumPage.java:117)
	at com.hjs.pages.FinancialPageObject.testProductInfo(FinancialPageObject.java:54)
	at com.hjs.cases.TradeTestCase.test理财页产品信息(TradeTestCase.java:64)
	at sun.reflect.NativeMethodAccessorImpl.invoke0(Native Method)
	at sun.reflect.NativeMethodAccessorImpl.invoke(NativeMethodAccessorImpl.java:62)
	at sun.reflect.DelegatingMethodAccessorImpl.invoke(DelegatingMethodAccessorImpl.java:43)
	at java.lang.reflect.Method.invoke(Method.java:498)
	at org.testng.internal.MethodInvocationHelper.invokeMethod(MethodInvocationHelper.java:84)
	at org.testng.internal.Invoker.invokeMethod(Invoker.java:714)
	at org.testng.internal.Invoker.invokeTestMethod(Invoker.java:901)
	at org.testng.internal.Invoker.invokeTestMethods(Invoker.java:1231)
	at org.testng.internal.TestMethodWorker.invokeTestMethods(TestMethodWorker.java:127)
	at org.testng.internal.TestMethodWorker.run(TestMethodWorker.java:111)
	at org.testng.TestRunner.privateRun(TestRunner.java:767)
	at org.testng.TestRunner.run(TestRunner.java:617)
	at org.testng.SuiteRunner.runTest(SuiteRunner.java:348)
	at org.testng.SuiteRunner.runSequentially(SuiteRunner.java:343)
	at org.testng.SuiteRunner.privateRun(SuiteRunner.java:305)
	at org.testng.SuiteRunner.run(SuiteRunner.java:254)
	at org.testng.SuiteRunnerWorker.runSuite(SuiteRunnerWorker.java:52)
	at org.testng.SuiteRunnerWorker.run(SuiteRunnerWorker.java:86)
	at org.testng.TestNG.runSuitesSequentially(TestNG.java:1224)
	at org.testng.TestNG.runSuitesLocally(TestNG.java:1149)
	at org.testng.TestNG.run(TestNG.java:1057)
	at org.testng.remote.AbstractRemoteTestNG.run(AbstractRemoteTestNG.java:132)
	at org.testng.remote.RemoteTestNG.initAndRun(RemoteTestNG.java:230)
	at org.testng.remote.RemoteTestNG.main(RemoteTestNG.java:76)
]]>
            </full-stacktrace>
          </exception> <!-- java.lang.Exception -->
          <reporter-output>
            <line>
              <![CDATA[C:\Users\huangxiao\git\Test-UI-AndroidAuto\snapshot]]>
            </line>
            <line>
              <![CDATA[<img src='C:\Users\huangxiao\git\Test-UI-AndroidAuto\snapshot\TradeTestCase.test理财页产品信息20170710071923.png' onclick='window.open("C:\\Users\\huangxiao\\git\\Test-UI-AndroidAuto\\snapshot\\TradeTestCase.test理财页产品信息20170710071923.png")'' hight='100' width='100'/>]]>
            </line>
          </reporter-output>
        </test-method> <!-- test理财页产品信息 -->
        <test-method status="PASS" signature="afterMethod(org.testng.ITestResult)[pri:0, instance:com.hjs.cases.TradeTestCase@53f65459]" name="afterMethod" is-config="true" duration-ms="2" started-at="2017-07-10T19:24:51Z" finished-at="2017-07-10T19:24:51Z">
          <params>
            <param index="0">
              <value>
                <![CDATA[[TestResult name=test理财页产品信息 status=FAILURE method=TradeTestCase.test理财页产品信息()[pri:0, instance:com.hjs.cases.TradeTestCase@53f65459] output=C:\Users\huangxiao\git\Test-UI-AndroidAuto\snapshot]]]>
              </value>
            </param>
          </params>
          <reporter-output>
          </reporter-output>
        </test-method> <!-- afterMethod -->
        <test-method status="PASS" signature="test银行卡不带券购买定期产品()[pri:0, instance:com.hjs.cases.TradeTestCase@53f65459]" name="test银行卡不带券购买定期产品" duration-ms="120322" started-at="2017-07-10T19:24:51Z" finished-at="2017-07-10T19:26:51Z">
          <reporter-output>
            <line>
              <![CDATA[找不到元素，重试，locator:By.xpath: //android.widget.TextView[@resource-id='com.evergrande.eif.android.hengjiaosuo:id/textView_bankCard' and contains(@text,'银行')]]]>
            </line>
            <line>
              <![CDATA[找不到元素，重试，locator:By.xpath: //android.widget.TextView[@resource-id='com.evergrande.eif.android.hengjiaosuo:id/textView_bankCard' and contains(@text,'银行')]]]>
            </line>
          </reporter-output>
        </test-method> <!-- test银行卡不带券购买定期产品 -->
        <test-method status="PASS" signature="afterMethod(org.testng.ITestResult)[pri:0, instance:com.hjs.cases.TradeTestCase@53f65459]" name="afterMethod" is-config="true" duration-ms="0" started-at="2017-07-10T19:26:51Z" finished-at="2017-07-10T19:26:51Z">
          <params>
            <param index="0">
              <value>
                <![CDATA[[TestResult name=test银行卡不带券购买定期产品 status=SUCCESS method=TradeTestCase.test银行卡不带券购买定期产品()[pri:0, instance:com.hjs.cases.TradeTestCase@53f65459] output=找不到元素，重试，locator:By.xpath: //android.widget.TextView[@resource-id='com.evergrande.eif.android.hengjiaosuo:id/textView_bankCard' and contains(@text,'银行')]]]]>
              </value>
            </param>
          </params>
          <reporter-output>
          </reporter-output>
        </test-method> <!-- afterMethod -->
        <test-method status="PASS" signature="test银行卡现金券购买定期产品()[pri:0, instance:com.hjs.cases.TradeTestCase@53f65459]" name="test银行卡现金券购买定期产品" duration-ms="123641" started-at="2017-07-10T19:26:51Z" finished-at="2017-07-10T19:28:55Z">
          <reporter-output>
            <line>
              <![CDATA[找不到元素，重试，locator:By.xpath: //android.widget.TextView[@resource-id='com.evergrande.eif.android.hengjiaosuo:id/textView_bankCard' and contains(@text,'银行')]]]>
            </line>
            <line>
              <![CDATA[找不到元素，重试，locator:By.xpath: //android.widget.TextView[@resource-id='com.evergrande.eif.android.hengjiaosuo:id/textView_bankCard' and contains(@text,'银行')]]]>
            </line>
          </reporter-output>
        </test-method> <!-- test银行卡现金券购买定期产品 -->
        <test-method status="PASS" signature="afterMethod(org.testng.ITestResult)[pri:0, instance:com.hjs.cases.TradeTestCase@53f65459]" name="afterMethod" is-config="true" duration-ms="1" started-at="2017-07-10T19:28:55Z" finished-at="2017-07-10T19:28:55Z">
          <params>
            <param index="0">
              <value>
                <![CDATA[[TestResult name=test银行卡现金券购买定期产品 status=SUCCESS method=TradeTestCase.test银行卡现金券购买定期产品()[pri:0, instance:com.hjs.cases.TradeTestCase@53f65459] output=找不到元素，重试，locator:By.xpath: //android.widget.TextView[@resource-id='com.evergrande.eif.android.hengjiaosuo:id/textView_bankCard' and contains(@text,'银行')]]]]>
              </value>
            </param>
          </params>
          <reporter-output>
          </reporter-output>
        </test-method> <!-- afterMethod -->
        <test-method status="PASS" signature="test银行卡加息券购买定期理财产品()[pri:0, instance:com.hjs.cases.TradeTestCase@53f65459]" name="test银行卡加息券购买定期理财产品" duration-ms="118937" started-at="2017-07-10T19:28:55Z" finished-at="2017-07-10T19:30:54Z">
          <reporter-output>
            <line>
              <![CDATA[找不到元素，重试，locator:By.xpath: //android.widget.TextView[@resource-id='com.evergrande.eif.android.hengjiaosuo:id/textView_bankCard' and contains(@text,'银行')]]]>
            </line>
            <line>
              <![CDATA[找不到元素，重试，locator:By.xpath: //android.widget.TextView[@resource-id='com.evergrande.eif.android.hengjiaosuo:id/textView_bankCard' and contains(@text,'银行')]]]>
            </line>
          </reporter-output>
        </test-method> <!-- test银行卡加息券购买定期理财产品 -->
        <test-method status="PASS" signature="afterMethod(org.testng.ITestResult)[pri:0, instance:com.hjs.cases.TradeTestCase@53f65459]" name="afterMethod" is-config="true" duration-ms="1" started-at="2017-07-10T19:30:54Z" finished-at="2017-07-10T19:30:54Z">
          <params>
            <param index="0">
              <value>
                <![CDATA[[TestResult name=test银行卡加息券购买定期理财产品 status=SUCCESS method=TradeTestCase.test银行卡加息券购买定期理财产品()[pri:0, instance:com.hjs.cases.TradeTestCase@53f65459] output=找不到元素，重试，locator:By.xpath: //android.widget.TextView[@resource-id='com.evergrande.eif.android.hengjiaosuo:id/textView_bankCard' and contains(@text,'银行')]]]]>
              </value>
            </param>
          </params>
          <reporter-output>
          </reporter-output>
        </test-method> <!-- afterMethod -->
        <test-method status="PASS" signature="test银行卡不带券无短信验证码购买定期产品()[pri:0, instance:com.hjs.cases.TradeTestCase@53f65459]" name="test银行卡不带券无短信验证码购买定期产品" duration-ms="107909" started-at="2017-07-10T19:30:54Z" finished-at="2017-07-10T19:32:41Z">
          <reporter-output>
            <line>
              <![CDATA[找不到元素，重试，locator:By.xpath: //android.widget.TextView[@resource-id='com.evergrande.eif.android.hengjiaosuo:id/textView_bankCard' and contains(@text,'银行')]]]>
            </line>
            <line>
              <![CDATA[找不到元素，重试，locator:By.xpath: //android.widget.TextView[@resource-id='com.evergrande.eif.android.hengjiaosuo:id/textView_bankCard' and contains(@text,'银行')]]]>
            </line>
          </reporter-output>
        </test-method> <!-- test银行卡不带券无短信验证码购买定期产品 -->
        <test-method status="PASS" signature="afterMethod(org.testng.ITestResult)[pri:0, instance:com.hjs.cases.TradeTestCase@53f65459]" name="afterMethod" is-config="true" duration-ms="0" started-at="2017-07-10T19:32:41Z" finished-at="2017-07-10T19:32:41Z">
          <params>
            <param index="0">
              <value>
                <![CDATA[[TestResult name=test银行卡不带券无短信验证码购买定期产品 status=SUCCESS method=TradeTestCase.test银行卡不带券无短信验证码购买定期产品()[pri:0, instance:com.hjs.cases.TradeTestCase@53f65459] output=找不到元素，重试，locator:By.xpath: //android.widget.TextView[@resource-id='com.evergrande.eif.android.hengjiaosuo:id/textView_bankCard' and contains(@text,'银行')]]]]>
              </value>
            </param>
          </params>
          <reporter-output>
          </reporter-output>
        </test-method> <!-- afterMethod -->
        <test-method status="PASS" signature="test银行卡现金券无验证码购买定期产品()[pri:0, instance:com.hjs.cases.TradeTestCase@53f65459]" name="test银行卡现金券无验证码购买定期产品" duration-ms="106233" started-at="2017-07-10T19:32:41Z" finished-at="2017-07-10T19:34:28Z">
          <reporter-output>
            <line>
              <![CDATA[找不到元素，重试，locator:By.xpath: //android.widget.TextView[@resource-id='com.evergrande.eif.android.hengjiaosuo:id/textView_bankCard' and contains(@text,'银行')]]]>
            </line>
            <line>
              <![CDATA[找不到元素，重试，locator:By.xpath: //android.widget.TextView[@resource-id='com.evergrande.eif.android.hengjiaosuo:id/textView_bankCard' and contains(@text,'银行')]]]>
            </line>
          </reporter-output>
        </test-method> <!-- test银行卡现金券无验证码购买定期产品 -->
        <test-method status="PASS" signature="afterMethod(org.testng.ITestResult)[pri:0, instance:com.hjs.cases.TradeTestCase@53f65459]" name="afterMethod" is-config="true" duration-ms="0" started-at="2017-07-10T19:34:28Z" finished-at="2017-07-10T19:34:28Z">
          <params>
            <param index="0">
              <value>
                <![CDATA[[TestResult name=test银行卡现金券无验证码购买定期产品 status=SUCCESS method=TradeTestCase.test银行卡现金券无验证码购买定期产品()[pri:0, instance:com.hjs.cases.TradeTestCase@53f65459] output=找不到元素，重试，locator:By.xpath: //android.widget.TextView[@resource-id='com.evergrande.eif.android.hengjiaosuo:id/textView_bankCard' and contains(@text,'银行')]]]]>
              </value>
            </param>
          </params>
          <reporter-output>
          </reporter-output>
        </test-method> <!-- afterMethod -->
        <test-method status="PASS" signature="test银行卡加息券无验证码购买定期产品()[pri:0, instance:com.hjs.cases.TradeTestCase@53f65459]" name="test银行卡加息券无验证码购买定期产品" duration-ms="106442" started-at="2017-07-10T19:34:28Z" finished-at="2017-07-10T19:36:14Z">
          <reporter-output>
            <line>
              <![CDATA[找不到元素，重试，locator:By.xpath: //android.widget.TextView[@resource-id='com.evergrande.eif.android.hengjiaosuo:id/textView_bankCard' and contains(@text,'银行')]]]>
            </line>
            <line>
              <![CDATA[找不到元素，重试，locator:By.xpath: //android.widget.TextView[@resource-id='com.evergrande.eif.android.hengjiaosuo:id/textView_bankCard' and contains(@text,'银行')]]]>
            </line>
          </reporter-output>
        </test-method> <!-- test银行卡加息券无验证码购买定期产品 -->
        <test-method status="PASS" signature="test充值()[pri:0, instance:com.hjs.cases.TradeTestCase@53f65459]" name="test充值" duration-ms="117204" started-at="2017-07-10T19:36:14Z" finished-at="2017-07-10T19:38:11Z">
          <reporter-output>
          </reporter-output>
        </test-method> <!-- test充值 -->
        <test-method status="PASS" signature="afterMethod(org.testng.ITestResult)[pri:0, instance:com.hjs.cases.TradeTestCase@53f65459]" name="afterMethod" is-config="true" duration-ms="0" started-at="2017-07-10T19:36:14Z" finished-at="2017-07-10T19:36:14Z">
          <params>
            <param index="0">
              <value>
                <![CDATA[[TestResult name=test银行卡加息券无验证码购买定期产品 status=SUCCESS method=TradeTestCase.test银行卡加息券无验证码购买定期产品()[pri:0, instance:com.hjs.cases.TradeTestCase@53f65459] output=找不到元素，重试，locator:By.xpath: //android.widget.TextView[@resource-id='com.evergrande.eif.android.hengjiaosuo:id/textView_bankCard' and contains(@text,'银行')]]]]>
              </value>
            </param>
          </params>
          <reporter-output>
          </reporter-output>
        </test-method> <!-- afterMethod -->
        <test-method status="PASS" signature="afterMethod(org.testng.ITestResult)[pri:0, instance:com.hjs.cases.TradeTestCase@53f65459]" name="afterMethod" is-config="true" duration-ms="0" started-at="2017-07-10T19:38:11Z" finished-at="2017-07-10T19:38:11Z">
          <params>
            <param index="0">
              <value>
                <![CDATA[[TestResult name=test充值 status=SUCCESS method=TradeTestCase.test充值()[pri:0, instance:com.hjs.cases.TradeTestCase@53f65459] output={null}]]]>
              </value>
            </param>
          </params>
          <reporter-output>
          </reporter-output>
        </test-method> <!-- afterMethod -->
        <test-method status="PASS" signature="test余额不带券购买定期产品()[pri:0, instance:com.hjs.cases.TradeTestCase@53f65459]" name="test余额不带券购买定期产品" duration-ms="89067" started-at="2017-07-10T19:38:11Z" finished-at="2017-07-10T19:39:40Z">
          <reporter-output>
            <line>
              <![CDATA[找不到元素，重试，locator:By.xpath: //android.widget.TextView[@resource-id='com.evergrande.eif.android.hengjiaosuo:id/textView_bankCard' and contains(@text,'银行')]]]>
            </line>
            <line>
              <![CDATA[找不到元素，重试，locator:By.xpath: //android.widget.TextView[@resource-id='com.evergrande.eif.android.hengjiaosuo:id/textView_bankCard' and contains(@text,'银行')]]]>
            </line>
          </reporter-output>
        </test-method> <!-- test余额不带券购买定期产品 -->
        <test-method status="PASS" signature="afterMethod(org.testng.ITestResult)[pri:0, instance:com.hjs.cases.TradeTestCase@53f65459]" name="afterMethod" is-config="true" duration-ms="0" started-at="2017-07-10T19:39:40Z" finished-at="2017-07-10T19:39:40Z">
          <params>
            <param index="0">
              <value>
                <![CDATA[[TestResult name=test余额不带券购买定期产品 status=SUCCESS method=TradeTestCase.test余额不带券购买定期产品()[pri:0, instance:com.hjs.cases.TradeTestCase@53f65459] output=找不到元素，重试，locator:By.xpath: //android.widget.TextView[@resource-id='com.evergrande.eif.android.hengjiaosuo:id/textView_bankCard' and contains(@text,'银行')]]]]>
              </value>
            </param>
          </params>
          <reporter-output>
          </reporter-output>
        </test-method> <!-- afterMethod -->
        <test-method status="PASS" signature="test余额现金券购买定期产品()[pri:0, instance:com.hjs.cases.TradeTestCase@53f65459]" name="test余额现金券购买定期产品" duration-ms="87077" started-at="2017-07-10T19:39:40Z" finished-at="2017-07-10T19:41:07Z">
          <reporter-output>
            <line>
              <![CDATA[找不到元素，重试，locator:By.xpath: //android.widget.TextView[@resource-id='com.evergrande.eif.android.hengjiaosuo:id/textView_bankCard' and contains(@text,'银行')]]]>
            </line>
            <line>
              <![CDATA[找不到元素，重试，locator:By.xpath: //android.widget.TextView[@resource-id='com.evergrande.eif.android.hengjiaosuo:id/textView_bankCard' and contains(@text,'银行')]]]>
            </line>
          </reporter-output>
        </test-method> <!-- test余额现金券购买定期产品 -->
        <test-method status="PASS" signature="afterMethod(org.testng.ITestResult)[pri:0, instance:com.hjs.cases.TradeTestCase@53f65459]" name="afterMethod" is-config="true" duration-ms="0" started-at="2017-07-10T19:41:07Z" finished-at="2017-07-10T19:41:07Z">
          <params>
            <param index="0">
              <value>
                <![CDATA[[TestResult name=test余额现金券购买定期产品 status=SUCCESS method=TradeTestCase.test余额现金券购买定期产品()[pri:0, instance:com.hjs.cases.TradeTestCase@53f65459] output=找不到元素，重试，locator:By.xpath: //android.widget.TextView[@resource-id='com.evergrande.eif.android.hengjiaosuo:id/textView_bankCard' and contains(@text,'银行')]]]]>
              </value>
            </param>
          </params>
          <reporter-output>
          </reporter-output>
        </test-method> <!-- afterMethod -->
        <test-method status="PASS" signature="test余额加息券购买定期产品()[pri:0, instance:com.hjs.cases.TradeTestCase@53f65459]" name="test余额加息券购买定期产品" duration-ms="89078" started-at="2017-07-10T19:41:07Z" finished-at="2017-07-10T19:42:37Z">
          <reporter-output>
            <line>
              <![CDATA[找不到元素，重试，locator:By.xpath: //android.widget.TextView[@resource-id='com.evergrande.eif.android.hengjiaosuo:id/textView_bankCard' and contains(@text,'银行')]]]>
            </line>
            <line>
              <![CDATA[找不到元素，重试，locator:By.xpath: //android.widget.TextView[@resource-id='com.evergrande.eif.android.hengjiaosuo:id/textView_bankCard' and contains(@text,'银行')]]]>
            </line>
          </reporter-output>
        </test-method> <!-- test余额加息券购买定期产品 -->
        <test-method status="FAIL" signature="test余额不带券购买活期产品()[pri:0, instance:com.hjs.cases.TradeTestCase@53f65459]" name="test余额不带券购买活期产品" duration-ms="51512" started-at="2017-07-10T19:42:37Z" finished-at="2017-07-10T19:43:28Z">
          <exception class="java.lang.Exception">
            <message>
              <![CDATA[滑动到底找不到该元素//android.widget.TextView[@text='恒存金(10000038)']]]>
            </message>
            <full-stacktrace>
              <![CDATA[java.lang.Exception: 滑动到底找不到该元素//android.widget.TextView[@text='恒存金(10000038)']
	at com.hjs.config.CommonAppiumPage.scrollTo(CommonAppiumPage.java:117)
	at com.hjs.pages.FinancialPageObject.clickCurrentDepositProduct(FinancialPageObject.java:34)
	at com.hjs.cases.TradeTestCase.test余额不带券购买活期产品(TradeTestCase.java:279)
	at sun.reflect.NativeMethodAccessorImpl.invoke0(Native Method)
	at sun.reflect.NativeMethodAccessorImpl.invoke(NativeMethodAccessorImpl.java:62)
	at sun.reflect.DelegatingMethodAccessorImpl.invoke(DelegatingMethodAccessorImpl.java:43)
	at java.lang.reflect.Method.invoke(Method.java:498)
	at org.testng.internal.MethodInvocationHelper.invokeMethod(MethodInvocationHelper.java:84)
	at org.testng.internal.Invoker.invokeMethod(Invoker.java:714)
	at org.testng.internal.Invoker.invokeTestMethod(Invoker.java:901)
	at org.testng.internal.Invoker.invokeTestMethods(Invoker.java:1231)
	at org.testng.internal.TestMethodWorker.invokeTestMethods(TestMethodWorker.java:127)
	at org.testng.internal.TestMethodWorker.run(TestMethodWorker.java:111)
	at org.testng.TestRunner.privateRun(TestRunner.java:767)
	at org.testng.TestRunner.run(TestRunner.java:617)
	at org.testng.SuiteRunner.runTest(SuiteRunner.java:348)
	at org.testng.SuiteRunner.runSequentially(SuiteRunner.java:343)
	at org.testng.SuiteRunner.privateRun(SuiteRunner.java:305)
	at org.testng.SuiteRunner.run(SuiteRunner.java:254)
	at org.testng.SuiteRunnerWorker.runSuite(SuiteRunnerWorker.java:52)
	at org.testng.SuiteRunnerWorker.run(SuiteRunnerWorker.java:86)
	at org.testng.TestNG.runSuitesSequentially(TestNG.java:1224)
	at org.testng.TestNG.runSuitesLocally(TestNG.java:1149)
	at org.testng.TestNG.run(TestNG.java:1057)
	at org.testng.remote.AbstractRemoteTestNG.run(AbstractRemoteTestNG.java:132)
	at org.testng.remote.RemoteTestNG.initAndRun(RemoteTestNG.java:230)
	at org.testng.remote.RemoteTestNG.main(RemoteTestNG.java:76)
]]>
            </full-stacktrace>
          </exception> <!-- java.lang.Exception -->
          <reporter-output>
            <line>
              <![CDATA[C:\Users\huangxiao\git\Test-UI-AndroidAuto\snapshot]]>
            </line>
            <line>
              <![CDATA[<img src='C:\Users\huangxiao\git\Test-UI-AndroidAuto\snapshot\TradeTestCase.test余额不带券购买活期产品20170710071923.png' onclick='window.open("C:\\Users\\huangxiao\\git\\Test-UI-AndroidAuto\\snapshot\\TradeTestCase.test余额不带券购买活期产品20170710071923.png")'' hight='100' width='100'/>]]>
            </line>
          </reporter-output>
        </test-method> <!-- test余额不带券购买活期产品 -->
        <test-method status="PASS" signature="afterMethod(org.testng.ITestResult)[pri:0, instance:com.hjs.cases.TradeTestCase@53f65459]" name="afterMethod" is-config="true" duration-ms="0" started-at="2017-07-10T19:42:37Z" finished-at="2017-07-10T19:42:37Z">
          <params>
            <param index="0">
              <value>
                <![CDATA[[TestResult name=test余额加息券购买定期产品 status=SUCCESS method=TradeTestCase.test余额加息券购买定期产品()[pri:0, instance:com.hjs.cases.TradeTestCase@53f65459] output=找不到元素，重试，locator:By.xpath: //android.widget.TextView[@resource-id='com.evergrande.eif.android.hengjiaosuo:id/textView_bankCard' and contains(@text,'银行')]]]]>
              </value>
            </param>
          </params>
          <reporter-output>
          </reporter-output>
        </test-method> <!-- afterMethod -->
        <test-method status="FAIL" signature="test银行卡不带券购买活期产品()[pri:0, instance:com.hjs.cases.TradeTestCase@53f65459]" name="test银行卡不带券购买活期产品" duration-ms="52806" started-at="2017-07-10T19:43:29Z" finished-at="2017-07-10T19:44:22Z">
          <exception class="java.lang.Exception">
            <message>
              <![CDATA[滑动到底找不到该元素//android.widget.TextView[@text='恒存金(10000038)']]]>
            </message>
            <full-stacktrace>
              <![CDATA[java.lang.Exception: 滑动到底找不到该元素//android.widget.TextView[@text='恒存金(10000038)']
	at com.hjs.config.CommonAppiumPage.scrollTo(CommonAppiumPage.java:117)
	at com.hjs.pages.FinancialPageObject.clickCurrentDepositProduct(FinancialPageObject.java:34)
	at com.hjs.cases.TradeTestCase.test银行卡不带券购买活期产品(TradeTestCase.java:298)
	at sun.reflect.NativeMethodAccessorImpl.invoke0(Native Method)
	at sun.reflect.NativeMethodAccessorImpl.invoke(NativeMethodAccessorImpl.java:62)
	at sun.reflect.DelegatingMethodAccessorImpl.invoke(DelegatingMethodAccessorImpl.java:43)
	at java.lang.reflect.Method.invoke(Method.java:498)
	at org.testng.internal.MethodInvocationHelper.invokeMethod(MethodInvocationHelper.java:84)
	at org.testng.internal.Invoker.invokeMethod(Invoker.java:714)
	at org.testng.internal.Invoker.invokeTestMethod(Invoker.java:901)
	at org.testng.internal.Invoker.invokeTestMethods(Invoker.java:1231)
	at org.testng.internal.TestMethodWorker.invokeTestMethods(TestMethodWorker.java:127)
	at org.testng.internal.TestMethodWorker.run(TestMethodWorker.java:111)
	at org.testng.TestRunner.privateRun(TestRunner.java:767)
	at org.testng.TestRunner.run(TestRunner.java:617)
	at org.testng.SuiteRunner.runTest(SuiteRunner.java:348)
	at org.testng.SuiteRunner.runSequentially(SuiteRunner.java:343)
	at org.testng.SuiteRunner.privateRun(SuiteRunner.java:305)
	at org.testng.SuiteRunner.run(SuiteRunner.java:254)
	at org.testng.SuiteRunnerWorker.runSuite(SuiteRunnerWorker.java:52)
	at org.testng.SuiteRunnerWorker.run(SuiteRunnerWorker.java:86)
	at org.testng.TestNG.runSuitesSequentially(TestNG.java:1224)
	at org.testng.TestNG.runSuitesLocally(TestNG.java:1149)
	at org.testng.TestNG.run(TestNG.java:1057)
	at org.testng.remote.AbstractRemoteTestNG.run(AbstractRemoteTestNG.java:132)
	at org.testng.remote.RemoteTestNG.initAndRun(RemoteTestNG.java:230)
	at org.testng.remote.RemoteTestNG.main(RemoteTestNG.java:76)
]]>
            </full-stacktrace>
          </exception> <!-- java.lang.Exception -->
          <reporter-output>
            <line>
              <![CDATA[C:\Users\huangxiao\git\Test-UI-AndroidAuto\snapshot]]>
            </line>
            <line>
              <![CDATA[<img src='C:\Users\huangxiao\git\Test-UI-AndroidAuto\snapshot\TradeTestCase.test银行卡不带券购买活期产品20170710071923.png' onclick='window.open("C:\\Users\\huangxiao\\git\\Test-UI-AndroidAuto\\snapshot\\TradeTestCase.test银行卡不带券购买活期产品20170710071923.png")'' hight='100' width='100'/>]]>
            </line>
          </reporter-output>
        </test-method> <!-- test银行卡不带券购买活期产品 -->
        <test-method status="PASS" signature="afterMethod(org.testng.ITestResult)[pri:0, instance:com.hjs.cases.TradeTestCase@53f65459]" name="afterMethod" is-config="true" duration-ms="0" started-at="2017-07-10T19:43:29Z" finished-at="2017-07-10T19:43:29Z">
          <params>
            <param index="0">
              <value>
                <![CDATA[[TestResult name=test余额不带券购买活期产品 status=FAILURE method=TradeTestCase.test余额不带券购买活期产品()[pri:0, instance:com.hjs.cases.TradeTestCase@53f65459] output=C:\Users\huangxiao\git\Test-UI-AndroidAuto\snapshot]]]>
              </value>
            </param>
          </params>
          <reporter-output>
          </reporter-output>
        </test-method> <!-- afterMethod -->
        <test-method status="PASS" signature="afterMethod(org.testng.ITestResult)[pri:0, instance:com.hjs.cases.TradeTestCase@53f65459]" name="afterMethod" is-config="true" duration-ms="0" started-at="2017-07-10T19:44:23Z" finished-at="2017-07-10T19:44:23Z">
          <params>
            <param index="0">
              <value>
                <![CDATA[[TestResult name=test银行卡不带券购买活期产品 status=FAILURE method=TradeTestCase.test银行卡不带券购买活期产品()[pri:0, instance:com.hjs.cases.TradeTestCase@53f65459] output=C:\Users\huangxiao\git\Test-UI-AndroidAuto\snapshot]]]>
              </value>
            </param>
          </params>
          <reporter-output>
          </reporter-output>
        </test-method> <!-- afterMethod -->
        <test-method status="FAIL" signature="test银行卡不带券购买定期产品失败场景()[pri:0, instance:com.hjs.cases.TradeTestCase@53f65459]" name="test银行卡不带券购买定期产品失败场景" duration-ms="136187" started-at="2017-07-10T19:44:23Z" finished-at="2017-07-10T19:46:39Z">
          <exception class="java.lang.AssertionError">
            <message>
              <![CDATA[未跳转到投资失败页面，页面信息为:投资申请已提交 expected [true] but found [false]]]>
            </message>
            <full-stacktrace>
              <![CDATA[java.lang.AssertionError: 未跳转到投资失败页面，页面信息为:投资申请已提交 expected [true] but found [false]
	at org.testng.Assert.fail(Assert.java:94)
	at org.testng.Assert.failNotEquals(Assert.java:494)
	at org.testng.Assert.assertTrue(Assert.java:42)
	at com.hjs.cases.TradeTestCase.test银行卡不带券购买定期产品失败场景(TradeTestCase.java:327)
	at sun.reflect.NativeMethodAccessorImpl.invoke0(Native Method)
	at sun.reflect.NativeMethodAccessorImpl.invoke(NativeMethodAccessorImpl.java:62)
	at sun.reflect.DelegatingMethodAccessorImpl.invoke(DelegatingMethodAccessorImpl.java:43)
	at java.lang.reflect.Method.invoke(Method.java:498)
	at org.testng.internal.MethodInvocationHelper.invokeMethod(MethodInvocationHelper.java:84)
	at org.testng.internal.Invoker.invokeMethod(Invoker.java:714)
	at org.testng.internal.Invoker.invokeTestMethod(Invoker.java:901)
	at org.testng.internal.Invoker.invokeTestMethods(Invoker.java:1231)
	at org.testng.internal.TestMethodWorker.invokeTestMethods(TestMethodWorker.java:127)
	at org.testng.internal.TestMethodWorker.run(TestMethodWorker.java:111)
	at org.testng.TestRunner.privateRun(TestRunner.java:767)
	at org.testng.TestRunner.run(TestRunner.java:617)
	at org.testng.SuiteRunner.runTest(SuiteRunner.java:348)
	at org.testng.SuiteRunner.runSequentially(SuiteRunner.java:343)
	at org.testng.SuiteRunner.privateRun(SuiteRunner.java:305)
	at org.testng.SuiteRunner.run(SuiteRunner.java:254)
	at org.testng.SuiteRunnerWorker.runSuite(SuiteRunnerWorker.java:52)
	at org.testng.SuiteRunnerWorker.run(SuiteRunnerWorker.java:86)
	at org.testng.TestNG.runSuitesSequentially(TestNG.java:1224)
	at org.testng.TestNG.runSuitesLocally(TestNG.java:1149)
	at org.testng.TestNG.run(TestNG.java:1057)
	at org.testng.remote.AbstractRemoteTestNG.run(AbstractRemoteTestNG.java:132)
	at org.testng.remote.RemoteTestNG.initAndRun(RemoteTestNG.java:230)
	at org.testng.remote.RemoteTestNG.main(RemoteTestNG.java:76)
]]>
            </full-stacktrace>
          </exception> <!-- java.lang.AssertionError -->
          <reporter-output>
            <line>
              <![CDATA[找不到元素，重试，locator:By.xpath: //android.widget.TextView[@resource-id='com.evergrande.eif.android.hengjiaosuo:id/textView_bankCard' and contains(@text,'银行')]]]>
            </line>
            <line>
              <![CDATA[找不到元素，重试，locator:By.xpath: //android.widget.TextView[@resource-id='com.evergrande.eif.android.hengjiaosuo:id/textView_bankCard' and contains(@text,'银行')]]]>
            </line>
            <line>
              <![CDATA[C:\Users\huangxiao\git\Test-UI-AndroidAuto\snapshot]]>
            </line>
            <line>
              <![CDATA[<img src='C:\Users\huangxiao\git\Test-UI-AndroidAuto\snapshot\TradeTestCase.test银行卡不带券购买定期产品失败场景20170710071923.png' onclick='window.open("C:\\Users\\huangxiao\\git\\Test-UI-AndroidAuto\\snapshot\\TradeTestCase.test银行卡不带券购买定期产品失败场景20170710071923.png")'' hight='100' width='100'/>]]>
            </line>
          </reporter-output>
        </test-method> <!-- test银行卡不带券购买定期产品失败场景 -->
        <test-method status="PASS" signature="test提现()[pri:0, instance:com.hjs.cases.TradeTestCase@53f65459]" name="test提现" duration-ms="82521" started-at="2017-07-10T19:46:40Z" finished-at="2017-07-10T19:48:03Z">
          <reporter-output>
            <line>
              <![CDATA[找不到元素，重试，locator:By.id: status_dec]]>
            </line>
          </reporter-output>
        </test-method> <!-- test提现 -->
        <test-method status="PASS" signature="afterMethod(org.testng.ITestResult)[pri:0, instance:com.hjs.cases.TradeTestCase@53f65459]" name="afterMethod" is-config="true" duration-ms="0" started-at="2017-07-10T19:46:40Z" finished-at="2017-07-10T19:46:40Z">
          <params>
            <param index="0">
              <value>
                <![CDATA[[TestResult name=test银行卡不带券购买定期产品失败场景 status=FAILURE method=TradeTestCase.test银行卡不带券购买定期产品失败场景()[pri:0, instance:com.hjs.cases.TradeTestCase@53f65459] output=找不到元素，重试，locator:By.xpath: //android.widget.TextView[@resource-id='com.evergrande.eif.android.hengjiaosuo:id/textView_bankCard' and contains(@text,'银行')]]]]>
              </value>
            </param>
          </params>
          <reporter-output>
          </reporter-output>
        </test-method> <!-- afterMethod -->
        <test-method status="PASS" signature="test我的定期产品信息()[pri:0, instance:com.hjs.cases.TradeTestCase@53f65459]" name="test我的定期产品信息" duration-ms="54747" started-at="2017-07-10T19:48:03Z" finished-at="2017-07-10T19:48:57Z">
          <reporter-output>
          </reporter-output>
        </test-method> <!-- test我的定期产品信息 -->
        <test-method status="PASS" signature="afterMethod(org.testng.ITestResult)[pri:0, instance:com.hjs.cases.TradeTestCase@53f65459]" name="afterMethod" is-config="true" duration-ms="0" started-at="2017-07-10T19:48:03Z" finished-at="2017-07-10T19:48:03Z">
          <params>
            <param index="0">
              <value>
                <![CDATA[[TestResult name=test提现 status=SUCCESS method=TradeTestCase.test提现()[pri:0, instance:com.hjs.cases.TradeTestCase@53f65459] output=找不到元素，重试，locator:By.id: status_dec]]]>
              </value>
            </param>
          </params>
          <reporter-output>
          </reporter-output>
        </test-method> <!-- afterMethod -->
        <test-method status="PASS" signature="afterMethod(org.testng.ITestResult)[pri:0, instance:com.hjs.cases.TradeTestCase@53f65459]" name="afterMethod" is-config="true" duration-ms="0" started-at="2017-07-10T19:48:57Z" finished-at="2017-07-10T19:48:57Z">
          <params>
            <param index="0">
              <value>
                <![CDATA[[TestResult name=test我的定期产品信息 status=SUCCESS method=TradeTestCase.test我的定期产品信息()[pri:0, instance:com.hjs.cases.TradeTestCase@53f65459] output={null}]]]>
              </value>
            </param>
          </params>
          <reporter-output>
          </reporter-output>
        </test-method> <!-- afterMethod -->
        <test-method status="FAIL" signature="test赎回活期产品到余额()[pri:0, instance:com.hjs.cases.TradeTestCase@53f65459]" name="test赎回活期产品到余额" duration-ms="134073" started-at="2017-07-10T19:48:57Z" finished-at="2017-07-10T19:51:12Z">
          <exception class="java.lang.Exception">
            <message>
              <![CDATA[滑动到底找不到该元素//android.widget.TextView[@text='恒存金(10000038)']]]>
            </message>
            <full-stacktrace>
              <![CDATA[java.lang.Exception: 滑动到底找不到该元素//android.widget.TextView[@text='恒存金(10000038)']
	at com.hjs.config.CommonAppiumPage.scrollTo(CommonAppiumPage.java:117)
	at com.hjs.pages.FinancialPageObject.clickCurrentDepositProduct(FinancialPageObject.java:34)
	at com.hjs.cases.TradeTestCase.test赎回活期产品到余额(TradeTestCase.java:388)
	at sun.reflect.NativeMethodAccessorImpl.invoke0(Native Method)
	at sun.reflect.NativeMethodAccessorImpl.invoke(NativeMethodAccessorImpl.java:62)
	at sun.reflect.DelegatingMethodAccessorImpl.invoke(DelegatingMethodAccessorImpl.java:43)
	at java.lang.reflect.Method.invoke(Method.java:498)
	at org.testng.internal.MethodInvocationHelper.invokeMethod(MethodInvocationHelper.java:84)
	at org.testng.internal.Invoker.invokeMethod(Invoker.java:714)
	at org.testng.internal.Invoker.invokeTestMethod(Invoker.java:901)
	at org.testng.internal.Invoker.invokeTestMethods(Invoker.java:1231)
	at org.testng.internal.TestMethodWorker.invokeTestMethods(TestMethodWorker.java:127)
	at org.testng.internal.TestMethodWorker.run(TestMethodWorker.java:111)
	at org.testng.TestRunner.privateRun(TestRunner.java:767)
	at org.testng.TestRunner.run(TestRunner.java:617)
	at org.testng.SuiteRunner.runTest(SuiteRunner.java:348)
	at org.testng.SuiteRunner.runSequentially(SuiteRunner.java:343)
	at org.testng.SuiteRunner.privateRun(SuiteRunner.java:305)
	at org.testng.SuiteRunner.run(SuiteRunner.java:254)
	at org.testng.SuiteRunnerWorker.runSuite(SuiteRunnerWorker.java:52)
	at org.testng.SuiteRunnerWorker.run(SuiteRunnerWorker.java:86)
	at org.testng.TestNG.runSuitesSequentially(TestNG.java:1224)
	at org.testng.TestNG.runSuitesLocally(TestNG.java:1149)
	at org.testng.TestNG.run(TestNG.java:1057)
	at org.testng.remote.AbstractRemoteTestNG.run(AbstractRemoteTestNG.java:132)
	at org.testng.remote.RemoteTestNG.initAndRun(RemoteTestNG.java:230)
	at org.testng.remote.RemoteTestNG.main(RemoteTestNG.java:76)
]]>
            </full-stacktrace>
          </exception> <!-- java.lang.Exception -->
          <reporter-output>
            <line>
              <![CDATA[C:\Users\huangxiao\git\Test-UI-AndroidAuto\snapshot]]>
            </line>
            <line>
              <![CDATA[<img src='C:\Users\huangxiao\git\Test-UI-AndroidAuto\snapshot\TradeTestCase.test赎回活期产品到余额20170710071923.png' onclick='window.open("C:\\Users\\huangxiao\\git\\Test-UI-AndroidAuto\\snapshot\\TradeTestCase.test赎回活期产品到余额20170710071923.png")'' hight='100' width='100'/>]]>
            </line>
          </reporter-output>
        </test-method> <!-- test赎回活期产品到余额 -->
        <test-method status="PASS" signature="afterMethod(org.testng.ITestResult)[pri:0, instance:com.hjs.cases.TradeTestCase@53f65459]" name="afterMethod" is-config="true" duration-ms="1" started-at="2017-07-10T19:51:13Z" finished-at="2017-07-10T19:51:13Z">
          <params>
            <param index="0">
              <value>
                <![CDATA[[TestResult name=test赎回活期产品到余额 status=FAILURE method=TradeTestCase.test赎回活期产品到余额()[pri:0, instance:com.hjs.cases.TradeTestCase@53f65459] output=C:\Users\huangxiao\git\Test-UI-AndroidAuto\snapshot]]]>
              </value>
            </param>
          </params>
          <reporter-output>
          </reporter-output>
        </test-method> <!-- afterMethod -->
        <test-method status="PASS" signature="tearDown()[pri:0, instance:com.hjs.cases.TradeTestCase@53f65459]" name="tearDown" is-config="true" duration-ms="2403" started-at="2017-07-10T19:51:13Z" finished-at="2017-07-10T19:51:15Z">
          <reporter-output>
          </reporter-output>
        </test-method> <!-- tearDown -->
      </class> <!-- com.hjs.cases.TradeTestCase -->
    </test> <!-- 交易相关测试 -->
  </suite> <!-- 恒大金服UI自动化测试项目报告 -->
</testng-results>
