<?xml version="1.0" encoding="UTF-8"?>
<testng-results skipped="0" failed="0" total="0" passed="0">
  <reporter-output>
  </reporter-output>
  <suite name="TestNG 项目报告" duration-ms="6" started-at="2017-08-04T10:46:56Z" finished-at="2017-08-04T10:46:56Z">
    <groups>
    </groups>
    <test name="Test" duration-ms="6" started-at="2017-08-04T10:46:56Z" finished-at="2017-08-04T10:46:56Z">
      <class name="com.hjs.publics.test">
        <test-method status="PASS" signature="test(java.lang.String)[pri:0, instance:com.hjs.publics.test@4883b407]" name="test" is-config="true" duration-ms="844" started-at="2017-08-04T18:46:56Z" finished-at="2017-08-04T18:46:56Z">
          <params>
            <param index="0">
              <value>
                <![CDATA[127.0.0.1:62001]]>
              </value>
            </param>
          </params>
          <reporter-output>
          </reporter-output>
        </test-method> <!-- test -->
      </class> <!-- com.hjs.publics.test -->
    </test> <!-- Test -->
  </suite> <!-- TestNG 项目报告 -->
</testng-results>
