<?xml version="1.0" encoding="UTF-8"?>
<testng-results skipped="0" failed="1" total="1" passed="0">
  <reporter-output>
    <line>
      <![CDATA[用例失败时间：2017-07-26 15:19:10]]>
    </line>
    <line>
      <![CDATA[<img src='AccountManageTestCase.testRiskEvaluation20170726031648.png' onclick='window.open("AccountManageTestCase.testRiskEvaluation20170726031648.png")'' hight='100' width='100'/>]]>
    </line>
  </reporter-output>
  <suite name="恒大金服UI自动化测试项目报告" duration-ms="104650" started-at="2017-07-26T07:17:26Z" finished-at="2017-07-26T07:19:10Z">
    <groups>
    </groups>
    <test name="账户管理测试" duration-ms="104650" started-at="2017-07-26T07:17:26Z" finished-at="2017-07-26T07:19:10Z">
      <class name="com.hjs.cases.AccountManageTestCase">
        <test-method status="PASS" signature="setUp()[pri:0, instance:com.hjs.cases.AccountManageTestCase@6a78afa0]" name="setUp" is-config="true" duration-ms="37864" started-at="2017-07-26T15:16:48Z" finished-at="2017-07-26T15:17:26Z">
          <reporter-output>
          </reporter-output>
        </test-method> <!-- setUp -->
        <test-method status="FAIL" signature="testRiskEvaluation()[pri:0, instance:com.hjs.cases.AccountManageTestCase@6a78afa0]" name="testRiskEvaluation" duration-ms="103134" started-at="2017-07-26T15:17:26Z" description="风险评测" finished-at="2017-07-26T15:19:09Z">
          <exception class="org.openqa.selenium.NoSuchElementException">
            <message>
              <![CDATA[no such element: Unable to locate element: {"method":"xpath","selector":"//div[@class='questions'][0]/div[@class='answer-area'][1]/div"}
  (Session info: webview=30.0.0.0)
  (Driver info: chromedriver=2.18.343845 (73dd713ba7fbfb73cbb514e62641d8c96a94682a),platform=Windows NT 6.1 SP1 x86_64) (WARNING: The server did not provide any stacktrace information)
Command duration or timeout: 30.07 seconds
For documentation on this error, please visit: http://seleniumhq.org/exceptions/no_such_element.html
Build info: version: '2.53.1', revision: 'a36b8b1cd5757287168e54b817830adce9b0158d', time: '2016-06-30 19:26:09'
System info: host: 'SZ-PC095HFZ', ip: '172.16.40.24', os.name: 'Windows 7', os.arch: 'amd64', os.version: '6.1', java.version: '1.8.0_91'
Driver info: io.appium.java_client.android.AndroidDriver
Capabilities [{app=C:\Users\huangxiao\git\Test-UI-AndroidAuto\app\app-default_channel.apk, appPackage=com.evergrande.eif.android.hengjiaosuo, networkConnectionEnabled=true, noReset=true, warnings={}, databaseEnabled=false, deviceName=127.0.0.1:52001, platform=LINUX, desired={app=C:\Users\huangxiao\git\Test-UI-AndroidAuto\app\app-default_channel.apk, appPackage=com.evergrande.eif.android.hengjiaosuo, noReset=true, platformVersion=4.4, unicodeKeyboard=true, platformName=Android, deviceName=127.0.0.1:52001, resetKeyboard=true}, platformVersion=4.4.2, webStorageEnabled=false, locationContextEnabled=false, browserName=Android, takesScreenshot=true, javascriptEnabled=true, unicodeKeyboard=true, platformName=Android, resetKeyboard=true}]
Session ID: b2e1665a-bde2-4c4d-ab39-3750564b1f19
*** Element info: {Using=xpath, value=//div[@class='questions'][0]/div[@class='answer-area'][1]/div}]]>
            </message>
            <full-stacktrace>
              <![CDATA[org.openqa.selenium.NoSuchElementException: no such element: Unable to locate element: {"method":"xpath","selector":"//div[@class='questions'][0]/div[@class='answer-area'][1]/div"}
  (Session info: webview=30.0.0.0)
  (Driver info: chromedriver=2.18.343845 (73dd713ba7fbfb73cbb514e62641d8c96a94682a),platform=Windows NT 6.1 SP1 x86_64) (WARNING: The server did not provide any stacktrace information)
Command duration or timeout: 30.07 seconds
For documentation on this error, please visit: http://seleniumhq.org/exceptions/no_such_element.html
Build info: version: '2.53.1', revision: 'a36b8b1cd5757287168e54b817830adce9b0158d', time: '2016-06-30 19:26:09'
System info: host: 'SZ-PC095HFZ', ip: '172.16.40.24', os.name: 'Windows 7', os.arch: 'amd64', os.version: '6.1', java.version: '1.8.0_91'
Driver info: io.appium.java_client.android.AndroidDriver
Capabilities [{app=C:\Users\huangxiao\git\Test-UI-AndroidAuto\app\app-default_channel.apk, appPackage=com.evergrande.eif.android.hengjiaosuo, networkConnectionEnabled=true, noReset=true, warnings={}, databaseEnabled=false, deviceName=127.0.0.1:52001, platform=LINUX, desired={app=C:\Users\huangxiao\git\Test-UI-AndroidAuto\app\app-default_channel.apk, appPackage=com.evergrande.eif.android.hengjiaosuo, noReset=true, platformVersion=4.4, unicodeKeyboard=true, platformName=Android, deviceName=127.0.0.1:52001, resetKeyboard=true}, platformVersion=4.4.2, webStorageEnabled=false, locationContextEnabled=false, browserName=Android, takesScreenshot=true, javascriptEnabled=true, unicodeKeyboard=true, platformName=Android, resetKeyboard=true}]
Session ID: b2e1665a-bde2-4c4d-ab39-3750564b1f19
*** Element info: {Using=xpath, value=//div[@class='questions'][0]/div[@class='answer-area'][1]/div}
	at sun.reflect.NativeConstructorAccessorImpl.newInstance0(Native Method)
	at sun.reflect.NativeConstructorAccessorImpl.newInstance(NativeConstructorAccessorImpl.java:62)
	at sun.reflect.DelegatingConstructorAccessorImpl.newInstance(DelegatingConstructorAccessorImpl.java:45)
	at java.lang.reflect.Constructor.newInstance(Constructor.java:423)
	at org.openqa.selenium.remote.ErrorHandler.createThrowable(ErrorHandler.java:206)
	at org.openqa.selenium.remote.ErrorHandler.throwIfResponseFailed(ErrorHandler.java:158)
	at org.openqa.selenium.remote.RemoteWebDriver.execute(RemoteWebDriver.java:678)
	at io.appium.java_client.DefaultGenericMobileDriver.execute(DefaultGenericMobileDriver.java:42)
	at io.appium.java_client.AppiumDriver.execute(AppiumDriver.java:1)
	at io.appium.java_client.android.AndroidDriver.execute(AndroidDriver.java:1)
	at org.openqa.selenium.remote.RemoteWebDriver.findElement(RemoteWebDriver.java:363)
	at org.openqa.selenium.remote.RemoteWebDriver.findElementByXPath(RemoteWebDriver.java:500)
	at io.appium.java_client.DefaultGenericMobileDriver.findElementByXPath(DefaultGenericMobileDriver.java:132)
	at io.appium.java_client.AppiumDriver.findElementByXPath(AppiumDriver.java:1)
	at io.appium.java_client.android.AndroidDriver.findElementByXPath(AndroidDriver.java:1)
	at org.openqa.selenium.By$ByXPath.findElement(By.java:361)
	at org.openqa.selenium.remote.RemoteWebDriver.findElement(RemoteWebDriver.java:355)
	at io.appium.java_client.DefaultGenericMobileDriver.findElement(DefaultGenericMobileDriver.java:52)
	at io.appium.java_client.AppiumDriver.findElement(AppiumDriver.java:1)
	at io.appium.java_client.android.AndroidDriver.findElement(AndroidDriver.java:1)
	at com.hjs.pages.RiskEvaluationPageObject.startRiskEvaluation(RiskEvaluationPageObject.java:40)
	at com.hjs.cases.AccountManageTestCase.testRiskEvaluation(AccountManageTestCase.java:217)
	at sun.reflect.NativeMethodAccessorImpl.invoke0(Native Method)
	at sun.reflect.NativeMethodAccessorImpl.invoke(NativeMethodAccessorImpl.java:62)
	at sun.reflect.DelegatingMethodAccessorImpl.invoke(DelegatingMethodAccessorImpl.java:43)
	at java.lang.reflect.Method.invoke(Method.java:498)
	at org.testng.internal.MethodInvocationHelper.invokeMethod(MethodInvocationHelper.java:84)
	at org.testng.internal.Invoker.invokeMethod(Invoker.java:714)
	at org.testng.internal.Invoker.invokeTestMethod(Invoker.java:901)
	at org.testng.internal.Invoker.invokeTestMethods(Invoker.java:1231)
	at org.testng.internal.TestMethodWorker.invokeTestMethods(TestMethodWorker.java:127)
	at org.testng.internal.TestMethodWorker.run(TestMethodWorker.java:111)
	at org.testng.TestRunner.privateRun(TestRunner.java:767)
	at org.testng.TestRunner.run(TestRunner.java:617)
	at org.testng.SuiteRunner.runTest(SuiteRunner.java:348)
	at org.testng.SuiteRunner.runSequentially(SuiteRunner.java:343)
	at org.testng.SuiteRunner.privateRun(SuiteRunner.java:305)
	at org.testng.SuiteRunner.run(SuiteRunner.java:254)
	at org.testng.SuiteRunnerWorker.runSuite(SuiteRunnerWorker.java:52)
	at org.testng.SuiteRunnerWorker.run(SuiteRunnerWorker.java:86)
	at org.testng.TestNG.runSuitesSequentially(TestNG.java:1224)
	at org.testng.TestNG.runSuitesLocally(TestNG.java:1149)
	at org.testng.TestNG.run(TestNG.java:1057)
	at org.testng.remote.AbstractRemoteTestNG.run(AbstractRemoteTestNG.java:132)
	at org.testng.remote.RemoteTestNG.initAndRun(RemoteTestNG.java:230)
	at org.testng.remote.RemoteTestNG.main(RemoteTestNG.java:76)
]]>
            </full-stacktrace>
          </exception> <!-- org.openqa.selenium.NoSuchElementException -->
          <reporter-output>
            <line>
              <![CDATA[用例失败时间：2017-07-26 15:19:10]]>
            </line>
            <line>
              <![CDATA[<img src='AccountManageTestCase.testRiskEvaluation20170726031648.png' onclick='window.open("AccountManageTestCase.testRiskEvaluation20170726031648.png")'' hight='100' width='100'/>]]>
            </line>
          </reporter-output>
        </test-method> <!-- testRiskEvaluation -->
        <test-method status="PASS" signature="afterMethod(org.testng.ITestResult)[pri:0, instance:com.hjs.cases.AccountManageTestCase@6a78afa0]" name="afterMethod" is-config="true" duration-ms="2" started-at="2017-07-26T15:19:10Z" finished-at="2017-07-26T15:19:10Z">
          <params>
            <param index="0">
              <value>
                <![CDATA[[TestResult name=testRiskEvaluation status=FAILURE method=AccountManageTestCase.testRiskEvaluation()[pri:0, instance:com.hjs.cases.AccountManageTestCase@6a78afa0] output=用例失败时间：2017-07-26 15:19:10]]]>
              </value>
            </param>
          </params>
          <reporter-output>
          </reporter-output>
        </test-method> <!-- afterMethod -->
        <test-method status="PASS" signature="tearDown()[pri:0, instance:com.hjs.cases.AccountManageTestCase@6a78afa0]" name="tearDown" is-config="true" duration-ms="1922" started-at="2017-07-26T15:19:10Z" finished-at="2017-07-26T15:19:12Z">
          <reporter-output>
          </reporter-output>
        </test-method> <!-- tearDown -->
      </class> <!-- com.hjs.cases.AccountManageTestCase -->
    </test> <!-- 账户管理测试 -->
  </suite> <!-- 恒大金服UI自动化测试项目报告 -->
</testng-results>
