<?xml version="1.0" encoding="UTF-8"?>
<testng-results skipped="0" failed="1" total="1" passed="0">
  <reporter-output>
    <line>
      <![CDATA[用例失败时间：2017-08-03 15:28:15]]>
    </line>
    <line>
      <![CDATA[<img src='TradeTestCase.testPayRegularProductsByBankCardWithoutCoupon20170803032302.png' onclick='window.open("TradeTestCase.testPayRegularProductsByBankCardWithoutCoupon20170803032302.png")'' hight='100' width='100'/>]]>
    </line>
  </reporter-output>
  <suite name="恒大金服UI自动化测试项目报告" duration-ms="269679" started-at="2017-08-03T07:23:45Z" finished-at="2017-08-03T07:28:15Z">
    <groups>
    </groups>
    <test name="交易相关测试" duration-ms="269679" started-at="2017-08-03T07:23:45Z" finished-at="2017-08-03T07:28:15Z">
      <class name="com.hjs.cases.TradeTestCase">
        <test-method status="PASS" signature="setUp(java.lang.String)[pri:0, instance:com.hjs.cases.TradeTestCase@5aa9e4eb]" name="setUp" is-config="true" duration-ms="42600" started-at="2017-08-03T15:23:03Z" finished-at="2017-08-03T15:23:45Z">
          <params>
            <param index="0">
              <value>
                <![CDATA[127.0.0.1:62001]]>
              </value>
            </param>
          </params>
          <reporter-output>
          </reporter-output>
        </test-method> <!-- setUp -->
        <test-method status="FAIL" signature="testPayRegularProductsByBankCardWithoutCoupon()[pri:0, instance:com.hjs.cases.TradeTestCase@5aa9e4eb]" name="testPayRegularProductsByBankCardWithoutCoupon" duration-ms="268290" started-at="2017-08-03T15:23:45Z" description="银行卡不带券购买定期产品" finished-at="2017-08-03T15:28:14Z">
          <exception class="java.lang.AssertionError">
            <message>
              <![CDATA[没有找到目标元素－－首页-理财入口]]>
            </message>
            <full-stacktrace>
              <![CDATA[java.lang.AssertionError: 没有找到目标元素－－首页-理财入口
	at org.testng.AssertJUnit.fail(AssertJUnit.java:59)
	at org.testng.AssertJUnit.assertTrue(AssertJUnit.java:24)
	at com.hjs.config.CommonAppiumPage.clickEle(CommonAppiumPage.java:68)
	at com.hjs.pages.HomePageObject.enterFinancialPage(HomePageObject.java:57)
	at com.hjs.cases.TradeTestCase.testPayRegularProductsByBankCardWithoutCoupon(TradeTestCase.java:70)
	at sun.reflect.NativeMethodAccessorImpl.invoke0(Native Method)
	at sun.reflect.NativeMethodAccessorImpl.invoke(NativeMethodAccessorImpl.java:62)
	at sun.reflect.DelegatingMethodAccessorImpl.invoke(DelegatingMethodAccessorImpl.java:43)
	at java.lang.reflect.Method.invoke(Method.java:498)
	at org.testng.internal.MethodInvocationHelper.invokeMethod(MethodInvocationHelper.java:84)
	at org.testng.internal.Invoker.invokeMethod(Invoker.java:714)
	at org.testng.internal.Invoker.invokeTestMethod(Invoker.java:901)
	at org.testng.internal.Invoker.invokeTestMethods(Invoker.java:1231)
	at org.testng.internal.TestMethodWorker.invokeTestMethods(TestMethodWorker.java:127)
	at org.testng.internal.TestMethodWorker.run(TestMethodWorker.java:111)
	at org.testng.TestRunner.privateRun(TestRunner.java:767)
	at org.testng.TestRunner.run(TestRunner.java:617)
	at org.testng.SuiteRunner.runTest(SuiteRunner.java:348)
	at org.testng.SuiteRunner.runSequentially(SuiteRunner.java:343)
	at org.testng.SuiteRunner.privateRun(SuiteRunner.java:305)
	at org.testng.SuiteRunner.run(SuiteRunner.java:254)
	at org.testng.SuiteRunnerWorker.runSuite(SuiteRunnerWorker.java:52)
	at org.testng.SuiteRunnerWorker.run(SuiteRunnerWorker.java:86)
	at org.testng.TestNG.runSuitesSequentially(TestNG.java:1224)
	at org.testng.TestNG.runSuitesLocally(TestNG.java:1149)
	at org.testng.TestNG.run(TestNG.java:1057)
	at org.testng.remote.AbstractRemoteTestNG.run(AbstractRemoteTestNG.java:132)
	at org.testng.remote.RemoteTestNG.initAndRun(RemoteTestNG.java:230)
	at org.testng.remote.RemoteTestNG.main(RemoteTestNG.java:76)
]]>
            </full-stacktrace>
          </exception> <!-- java.lang.AssertionError -->
          <reporter-output>
            <line>
              <![CDATA[用例失败时间：2017-08-03 15:28:15]]>
            </line>
            <line>
              <![CDATA[<img src='TradeTestCase.testPayRegularProductsByBankCardWithoutCoupon20170803032302.png' onclick='window.open("TradeTestCase.testPayRegularProductsByBankCardWithoutCoupon20170803032302.png")'' hight='100' width='100'/>]]>
            </line>
          </reporter-output>
        </test-method> <!-- testPayRegularProductsByBankCardWithoutCoupon -->
        <test-method status="PASS" signature="afterMethod(org.testng.ITestResult)[pri:0, instance:com.hjs.cases.TradeTestCase@5aa9e4eb]" name="afterMethod" is-config="true" duration-ms="4" started-at="2017-08-03T15:28:15Z" finished-at="2017-08-03T15:28:15Z">
          <params>
            <param index="0">
              <value>
                <![CDATA[[TestResult name=testPayRegularProductsByBankCardWithoutCoupon status=FAILURE method=TradeTestCase.testPayRegularProductsByBankCardWithoutCoupon()[pri:0, instance:com.hjs.cases.TradeTestCase@5aa9e4eb] output=用例失败时间：2017-08-03 15:28:15]]]>
              </value>
            </param>
          </params>
          <reporter-output>
          </reporter-output>
        </test-method> <!-- afterMethod -->
        <test-method status="PASS" signature="tearDown()[pri:0, instance:com.hjs.cases.TradeTestCase@5aa9e4eb]" name="tearDown" is-config="true" duration-ms="1933" started-at="2017-08-03T15:28:15Z" finished-at="2017-08-03T15:28:17Z">
          <reporter-output>
          </reporter-output>
        </test-method> <!-- tearDown -->
      </class> <!-- com.hjs.cases.TradeTestCase -->
    </test> <!-- 交易相关测试 -->
  </suite> <!-- 恒大金服UI自动化测试项目报告 -->
</testng-results>
