<?xml version="1.0" encoding="UTF-8"?>
<testng-results skipped="0" failed="0" total="1" passed="1">
  <reporter-output>
  </reporter-output>
  <suite name="恒大金服UI自动化测试项目报告" duration-ms="18235" started-at="2017-07-12T09:35:42Z" finished-at="2017-07-12T09:36:01Z">
    <groups>
    </groups>
    <test name="账户管理测试" duration-ms="18235" started-at="2017-07-12T09:35:42Z" finished-at="2017-07-12T09:36:01Z">
      <class name="com.hjs.cases.AccountManageTestCase">
        <test-method status="PASS" signature="setUp()[pri:0, instance:com.hjs.cases.AccountManageTestCase@67205a84]" name="setUp" is-config="true" duration-ms="38046" started-at="2017-07-12T17:35:04Z" finished-at="2017-07-12T17:35:42Z">
          <reporter-output>
          </reporter-output>
        </test-method> <!-- setUp -->
        <test-method status="PASS" signature="testWelcomePage()[pri:0, instance:com.hjs.cases.AccountManageTestCase@67205a84]" name="testWelcomePage" duration-ms="18220" started-at="2017-07-12T17:35:42Z" description="跳过欢迎页到主页" finished-at="2017-07-12T17:36:01Z">
          <reporter-output>
          </reporter-output>
        </test-method> <!-- testWelcomePage -->
        <test-method status="PASS" signature="afterMethod(org.testng.ITestResult)[pri:0, instance:com.hjs.cases.AccountManageTestCase@67205a84]" name="afterMethod" is-config="true" duration-ms="1" started-at="2017-07-12T17:36:01Z" finished-at="2017-07-12T17:36:01Z">
          <params>
            <param index="0">
              <value>
                <![CDATA[[TestResult name=testWelcomePage status=SUCCESS method=AccountManageTestCase.testWelcomePage()[pri:0, instance:com.hjs.cases.AccountManageTestCase@67205a84] output={null}]]]>
              </value>
            </param>
          </params>
          <reporter-output>
          </reporter-output>
        </test-method> <!-- afterMethod -->
        <test-method status="PASS" signature="tearDown()[pri:0, instance:com.hjs.cases.AccountManageTestCase@67205a84]" name="tearDown" is-config="true" duration-ms="2440" started-at="2017-07-12T17:36:01Z" finished-at="2017-07-12T17:36:03Z">
          <reporter-output>
          </reporter-output>
        </test-method> <!-- tearDown -->
      </class> <!-- com.hjs.cases.AccountManageTestCase -->
    </test> <!-- 账户管理测试 -->
  </suite> <!-- 恒大金服UI自动化测试项目报告 -->
</testng-results>
