<?xml version="1.0" encoding="UTF-8"?>
<testng-results skipped="0" failed="0" total="1" passed="1">
  <reporter-output>
  </reporter-output>
  <suite name="恒大金服UI自动化测试项目报告" duration-ms="662549" started-at="2017-07-28T08:16:56Z" finished-at="2017-07-28T08:27:59Z">
    <groups>
    </groups>
    <test name="交易相关测试" duration-ms="662549" started-at="2017-07-28T08:16:56Z" finished-at="2017-07-28T08:27:59Z">
      <class name="com.hjs.cases.TradeTestCase">
        <test-method status="PASS" signature="setUp(java.lang.String)[pri:0, instance:com.hjs.cases.TradeTestCase@5aa9e4eb]" name="setUp" is-config="true" duration-ms="43001" started-at="2017-07-28T16:16:13Z" finished-at="2017-07-28T16:16:56Z">
          <params>
            <param index="0">
              <value>
                <![CDATA[127.0.0.1:52001]]>
              </value>
            </param>
          </params>
          <reporter-output>
          </reporter-output>
        </test-method> <!-- setUp -->
        <test-method status="PASS" signature="test赎回活期产品到余额()[pri:0, instance:com.hjs.cases.TradeTestCase@5aa9e4eb]" name="test赎回活期产品到余额" duration-ms="662519" started-at="2017-07-28T16:16:56Z" finished-at="2017-07-28T16:27:59Z">
          <reporter-output>
          </reporter-output>
        </test-method> <!-- test赎回活期产品到余额 -->
        <test-method status="PASS" signature="afterMethod(org.testng.ITestResult)[pri:0, instance:com.hjs.cases.TradeTestCase@5aa9e4eb]" name="afterMethod" is-config="true" duration-ms="0" started-at="2017-07-28T16:27:59Z" finished-at="2017-07-28T16:27:59Z">
          <params>
            <param index="0">
              <value>
                <![CDATA[[TestResult name=test赎回活期产品到余额 status=SUCCESS method=TradeTestCase.test赎回活期产品到余额()[pri:0, instance:com.hjs.cases.TradeTestCase@5aa9e4eb] output={null}]]]>
              </value>
            </param>
          </params>
          <reporter-output>
          </reporter-output>
        </test-method> <!-- afterMethod -->
        <test-method status="PASS" signature="tearDown()[pri:0, instance:com.hjs.cases.TradeTestCase@5aa9e4eb]" name="tearDown" is-config="true" duration-ms="1991" started-at="2017-07-28T16:27:59Z" finished-at="2017-07-28T16:28:01Z">
          <reporter-output>
          </reporter-output>
        </test-method> <!-- tearDown -->
      </class> <!-- com.hjs.cases.TradeTestCase -->
    </test> <!-- 交易相关测试 -->
  </suite> <!-- 恒大金服UI自动化测试项目报告 -->
</testng-results>
