<?xml version="1.0" encoding="UTF-8"?>
<!-- Generated by org.testng.reporters.JUnitXMLReporter -->
<testsuite hostname="SZ-PC095HFZ" name="交易相关测试" tests="18" failures="0" timestamp="4 Aug 2017 01:19:57 GMT" time="0.068" errors="0">
  <testcase name="@BeforeSuite setUp" time="0.0" classname="com.hjs.cases.TradeTestCase">
    <failure type="org.openqa.selenium.remote.UnreachableBrowserException" message="Could not start a new session. Possible causes are invalid address of the remote server or browser start-up failure.
Build info: version: &amp;apos;2.53.1&amp;apos;, revision: &amp;apos;a36b8b1cd5757287168e54b817830adce9b0158d&amp;apos;, time: &amp;apos;2016-06-30 19:26:09&amp;apos;
System info: host: &amp;apos;SZ-PC095HFZ&amp;apos;, ip: &amp;apos;192.168.56.1&amp;apos;, os.name: &amp;apos;Windows 7&amp;apos;, os.arch: &amp;apos;amd64&amp;apos;, os.version: &amp;apos;6.1&amp;apos;, java.version: &amp;apos;1.8.0_91&amp;apos;
Driver info: driver.version: AndroidDriver">
      <![CDATA[org.openqa.selenium.remote.UnreachableBrowserException: Could not start a new session. Possible causes are invalid address of the remote server or browser start-up failure.
Build info: version: '2.53.1', revision: 'a36b8b1cd5757287168e54b817830adce9b0158d', time: '2016-06-30 19:26:09'
System info: host: 'SZ-PC095HFZ', ip: '192.168.56.1', os.name: 'Windows 7', os.arch: 'amd64', os.version: '6.1', java.version: '1.8.0_91'
Driver info: driver.version: AndroidDriver
	at org.openqa.selenium.remote.RemoteWebDriver.execute(RemoteWebDriver.java:665)
	at io.appium.java_client.DefaultGenericMobileDriver.execute(DefaultGenericMobileDriver.java:42)
	at io.appium.java_client.AppiumDriver.execute(AppiumDriver.java:1)
	at io.appium.java_client.android.AndroidDriver.execute(AndroidDriver.java:1)
	at org.openqa.selenium.remote.RemoteWebDriver.startSession(RemoteWebDriver.java:249)
	at org.openqa.selenium.remote.RemoteWebDriver.<init>(RemoteWebDriver.java:131)
	at org.openqa.selenium.remote.RemoteWebDriver.<init>(RemoteWebDriver.java:144)
	at io.appium.java_client.DefaultGenericMobileDriver.<init>(DefaultGenericMobileDriver.java:37)
	at io.appium.java_client.AppiumDriver.<init>(AppiumDriver.java:161)
	at io.appium.java_client.AppiumDriver.<init>(AppiumDriver.java:170)
	at io.appium.java_client.android.AndroidDriver.<init>(AndroidDriver.java:82)
	at com.hjs.config.CommonAppiumTest.setUp(CommonAppiumTest.java:57)
	at sun.reflect.NativeMethodAccessorImpl.invoke0(Native Method)
	at sun.reflect.NativeMethodAccessorImpl.invoke(NativeMethodAccessorImpl.java:62)
	at sun.reflect.DelegatingMethodAccessorImpl.invoke(DelegatingMethodAccessorImpl.java:43)
	at java.lang.reflect.Method.invoke(Method.java:498)
	at org.testng.internal.MethodInvocationHelper.invokeMethod(MethodInvocationHelper.java:84)
	at org.testng.internal.Invoker.invokeConfigurationMethod(Invoker.java:564)
	at org.testng.internal.Invoker.invokeConfigurations(Invoker.java:213)
	at org.testng.internal.Invoker.invokeConfigurations(Invoker.java:138)
	at org.testng.SuiteRunner.privateRun(SuiteRunner.java:291)
	at org.testng.SuiteRunner.run(SuiteRunner.java:254)
	at org.testng.SuiteRunnerWorker.runSuite(SuiteRunnerWorker.java:52)
	at org.testng.SuiteRunnerWorker.run(SuiteRunnerWorker.java:86)
	at org.testng.TestNG.runSuitesSequentially(TestNG.java:1224)
	at org.testng.TestNG.runSuitesLocally(TestNG.java:1149)
	at org.testng.TestNG.run(TestNG.java:1057)
	at org.testng.remote.AbstractRemoteTestNG.run(AbstractRemoteTestNG.java:132)
	at org.testng.remote.RemoteTestNG.initAndRun(RemoteTestNG.java:230)
	at org.testng.remote.RemoteTestNG.main(RemoteTestNG.java:76)
Caused by: org.openqa.selenium.WebDriverException: org.apache.http.conn.HttpHostConnectException: Connect to 127.0.0.1:4723 [/127.0.0.1] failed: Connection refused: connect
Build info: version: '2.53.1', revision: 'a36b8b1cd5757287168e54b817830adce9b0158d', time: '2016-06-30 19:26:09'
System info: host: 'SZ-PC095HFZ', ip: '192.168.56.1', os.name: 'Windows 7', os.arch: 'amd64', os.version: '6.1', java.version: '1.8.0_91'
Driver info: driver.version: AndroidDriver
	at io.appium.java_client.remote.AppiumCommandExecutor.execute(AppiumCommandExecutor.java:79)
	at org.openqa.selenium.remote.RemoteWebDriver.execute(RemoteWebDriver.java:644)
	... 29 more
Caused by: org.apache.http.conn.HttpHostConnectException: Connect to 127.0.0.1:4723 [/127.0.0.1] failed: Connection refused: connect
	at org.apache.http.impl.conn.DefaultHttpClientConnectionOperator.connect(DefaultHttpClientConnectionOperator.java:159)
	at org.apache.http.impl.conn.PoolingHttpClientConnectionManager.connect(PoolingHttpClientConnectionManager.java:359)
	at org.apache.http.impl.execchain.MainClientExec.establishRoute(MainClientExec.java:381)
	at org.apache.http.impl.execchain.MainClientExec.execute(MainClientExec.java:237)
	at org.apache.http.impl.execchain.ProtocolExec.execute(ProtocolExec.java:185)
	at org.apache.http.impl.execchain.RetryExec.execute(RetryExec.java:89)
	at org.apache.http.impl.execchain.RedirectExec.execute(RedirectExec.java:111)
	at org.apache.http.impl.client.InternalHttpClient.doExecute(InternalHttpClient.java:185)
	at org.apache.http.impl.client.CloseableHttpClient.execute(CloseableHttpClient.java:72)
	at org.apache.http.impl.client.CloseableHttpClient.execute(CloseableHttpClient.java:56)
	at org.openqa.selenium.remote.internal.ApacheHttpClient.fallBackExecute(ApacheHttpClient.java:144)
	at org.openqa.selenium.remote.internal.ApacheHttpClient.execute(ApacheHttpClient.java:90)
	at org.openqa.selenium.remote.HttpCommandExecutor.execute(HttpCommandExecutor.java:142)
	at io.appium.java_client.remote.AppiumCommandExecutor.execute(AppiumCommandExecutor.java:67)
	... 30 more
Caused by: java.net.ConnectException: Connection refused: connect
	at java.net.DualStackPlainSocketImpl.waitForConnect(Native Method)
	at java.net.DualStackPlainSocketImpl.socketConnect(DualStackPlainSocketImpl.java:85)
	at java.net.AbstractPlainSocketImpl.doConnect(AbstractPlainSocketImpl.java:350)
	at java.net.AbstractPlainSocketImpl.connectToAddress(AbstractPlainSocketImpl.java:206)
	at java.net.AbstractPlainSocketImpl.connect(AbstractPlainSocketImpl.java:188)
	at java.net.PlainSocketImpl.connect(PlainSocketImpl.java:172)
	at java.net.SocksSocketImpl.connect(SocksSocketImpl.java:392)
	at java.net.Socket.connect(Socket.java:589)
	at org.apache.http.conn.socket.PlainConnectionSocketFactory.connectSocket(PlainConnectionSocketFactory.java:75)
	at org.apache.http.impl.conn.DefaultHttpClientConnectionOperator.connect(DefaultHttpClientConnectionOperator.java:142)
	... 43 more
]]>
    </failure>
  </testcase> <!-- @BeforeSuite setUp -->
  <testcase name="testFinancialProductInfo" time="0.001" classname="com.hjs.cases.TradeTestCase">
    <skipped/>
  </testcase> <!-- testFinancialProductInfo -->
  <testcase name="testPayRegularProductsByBankCardWithoutCoupon" time="0.001" classname="com.hjs.cases.TradeTestCase">
    <skipped/>
  </testcase> <!-- testPayRegularProductsByBankCardWithoutCoupon -->
  <testcase name="testPayRegularProductsByBankCardWithCashCoupon" time="0.001" classname="com.hjs.cases.TradeTestCase">
    <skipped/>
  </testcase> <!-- testPayRegularProductsByBankCardWithCashCoupon -->
  <testcase name="testPayRegularProductsByBankCardWithBonusCoupon" time="0.004" classname="com.hjs.cases.TradeTestCase">
    <skipped/>
  </testcase> <!-- testPayRegularProductsByBankCardWithBonusCoupon -->
  <testcase name="testPayRegularProductsByBankCardWithoutCouponWithoutSmsCode" time="0.001" classname="com.hjs.cases.TradeTestCase">
    <skipped/>
  </testcase> <!-- testPayRegularProductsByBankCardWithoutCouponWithoutSmsCode -->
  <testcase name="testtestPayRegularProductsByBankCardWithCashCouponWithoutSmsCode" time="0.0" classname="com.hjs.cases.TradeTestCase">
    <skipped/>
  </testcase> <!-- testtestPayRegularProductsByBankCardWithCashCouponWithoutSmsCode -->
  <testcase name="testtestPayRegularProductsByBankCardWithBonusCouponWithoutSmsCode" time="0.004" classname="com.hjs.cases.TradeTestCase">
    <skipped/>
  </testcase> <!-- testtestPayRegularProductsByBankCardWithBonusCouponWithoutSmsCode -->
  <testcase name="testRecharge" time="0.001" classname="com.hjs.cases.TradeTestCase">
    <skipped/>
  </testcase> <!-- testRecharge -->
  <testcase name="testPayRegularProductsByBanlanceWithoutCoupon" time="0.002" classname="com.hjs.cases.TradeTestCase">
    <skipped/>
  </testcase> <!-- testPayRegularProductsByBanlanceWithoutCoupon -->
  <testcase name="testPayRegularProductsByBanlanceWithCashCoupon" time="0.002" classname="com.hjs.cases.TradeTestCase">
    <skipped/>
  </testcase> <!-- testPayRegularProductsByBanlanceWithCashCoupon -->
  <testcase name="testPayRegularProductsByBanlanceWithBonusCoupon" time="0.002" classname="com.hjs.cases.TradeTestCase">
    <skipped/>
  </testcase> <!-- testPayRegularProductsByBanlanceWithBonusCoupon -->
  <testcase name="testPayCurrentProductsByBanlanceWithoutCoupon" time="0.0" classname="com.hjs.cases.TradeTestCase">
    <skipped/>
  </testcase> <!-- testPayCurrentProductsByBanlanceWithoutCoupon -->
  <testcase name="testPayCurrentProductsByBankCardWithoutCoupon" time="0.001" classname="com.hjs.cases.TradeTestCase">
    <skipped/>
  </testcase> <!-- testPayCurrentProductsByBankCardWithoutCoupon -->
  <testcase name="testPayByBankCardFailWithoutCoupon" time="0.002" classname="com.hjs.cases.TradeTestCase">
    <skipped/>
  </testcase> <!-- testPayByBankCardFailWithoutCoupon -->
  <testcase name="testOffProducts" time="0.001" classname="com.hjs.cases.TradeTestCase">
    <skipped/>
  </testcase> <!-- testOffProducts -->
  <testcase name="testWithdraw" time="0.001" classname="com.hjs.cases.TradeTestCase">
    <skipped/>
  </testcase> <!-- testWithdraw -->
  <testcase name="testMyRegularProductInfo" time="0.001" classname="com.hjs.cases.TradeTestCase">
    <skipped/>
  </testcase> <!-- testMyRegularProductInfo -->
  <testcase name="testRedeemToBalance" time="0.002" classname="com.hjs.cases.TradeTestCase">
    <skipped/>
  </testcase> <!-- testRedeemToBalance -->
</testsuite> <!-- 交易相关测试 -->
