<?xml version="1.0" encoding="UTF-8"?>
<!-- Generated by org.testng.reporters.JUnitXMLReporter -->
<testsuite hostname="SZ-PC095HFZ" name="账户管理测试" tests="11" failures="0" timestamp="28 Jul 2017 00:47:47 GMT" time="0.048" errors="0">
  <testcase name="testWelcomePage" time="0.001" classname="com.hjs.cases.AccountManageTestCase">
    <skipped/>
  </testcase> <!-- testWelcomePage -->
  <testcase name="testSignedPhoneLogin" time="0.001" classname="com.hjs.cases.AccountManageTestCase">
    <skipped/>
  </testcase> <!-- testSignedPhoneLogin -->
  <testcase name="testGesturePwd" time="0.001" classname="com.hjs.cases.AccountManageTestCase">
    <skipped/>
  </testcase> <!-- testGesturePwd -->
  <testcase name="testLogOut" time="0.001" classname="com.hjs.cases.AccountManageTestCase">
    <skipped/>
  </testcase> <!-- testLogOut -->
  <testcase name="testSignAccount" time="0.001" classname="com.hjs.cases.AccountManageTestCase">
    <skipped/>
  </testcase> <!-- testSignAccount -->
  <testcase name="testRealNameAndSetBankCard" time="0.001" classname="com.hjs.cases.AccountManageTestCase">
    <skipped/>
  </testcase> <!-- testRealNameAndSetBankCard -->
  <testcase name="testUnBundBankCard" time="0.002" classname="com.hjs.cases.AccountManageTestCase">
    <skipped/>
  </testcase> <!-- testUnBundBankCard -->
  <testcase name="testResetTradePwd" time="0.001" classname="com.hjs.cases.AccountManageTestCase">
    <skipped/>
  </testcase> <!-- testResetTradePwd -->
  <testcase name="testResetLoginPwd" time="0.001" classname="com.hjs.cases.AccountManageTestCase">
    <skipped/>
  </testcase> <!-- testResetLoginPwd -->
  <testcase name="testRiskEvaluation" time="0.001" classname="com.hjs.cases.AccountManageTestCase">
    <skipped/>
  </testcase> <!-- testRiskEvaluation -->
  <testcase name="testReRiskEvaluation" time="0.001" classname="com.hjs.cases.AccountManageTestCase">
    <skipped/>
  </testcase> <!-- testReRiskEvaluation -->
</testsuite> <!-- 账户管理测试 -->
